0 info it worked if it ends with ok
1 verbose cli [ '/Users/dsegal/.nvm/v0.10.25/bin/node',
1 verbose cli   '/Users/dsegal/.nvm/v0.10.25/bin/npm',
1 verbose cli   'start' ]
2 info using npm@1.3.24
3 info using node@v0.10.25
4 verbose run-script [ 'prestart', 'start', 'poststart' ]
5 info prestart n-line@0.0.0
6 info start n-line@0.0.0
7 verbose unsafe-perm in lifecycle true
8 info n-line@0.0.0 Failed to exec start script
9 error n-line@0.0.0 start: `node index.js`
9 error Exit status 8
10 error Failed at the n-line@0.0.0 start script.
10 error This is most likely a problem with the n-line package,
10 error not with npm itself.
10 error Tell the author that this fails on your system:
10 error     node index.js
10 error You can get their info via:
10 error     npm owner ls n-line
10 error There is likely additional logging output above.
11 error System Darwin 13.1.0
12 error command "/Users/dsegal/.nvm/v0.10.25/bin/node" "/Users/dsegal/.nvm/v0.10.25/bin/npm" "start"
13 error cwd /Users/dsegal/Webdev/n-line
14 error node -v v0.10.25
15 error npm -v 1.3.24
16 error code ELIFECYCLE
17 verbose exit [ 1, true ]
